<?xml version="1.0" encoding="UTF-8"?>
<testng-results skipped="0" failed="0" total="1" passed="1">
  <reporter-output>
  </reporter-output>
  <suite name="Default suite" duration-ms="6042" started-at="2018-09-03T10:39:22Z" finished-at="2018-09-03T10:39:28Z">
    <groups>
    </groups>
    <test name="Default test" duration-ms="6042" started-at="2018-09-03T10:39:22Z" finished-at="2018-09-03T10:39:28Z">
      <class name="scripts.Login">
        <test-method status="PASS" signature="setUp()[pri:0, instance:scripts.Login@6d8a00e3]" name="setUp" is-config="true" duration-ms="4157" started-at="2018-09-03T16:09:22Z" finished-at="2018-09-03T16:09:26Z">
          <reporter-output>
          </reporter-output>
        </test-method> <!-- setUp -->
        <test-method status="PASS" signature="login()[pri:0, instance:scripts.Login@6d8a00e3]" name="login" duration-ms="1849" started-at="2018-09-03T16:09:26Z" finished-at="2018-09-03T16:09:28Z">
          <reporter-output>
          </reporter-output>
        </test-method> <!-- login -->
        <test-method status="PASS" signature="breakdown()[pri:0, instance:scripts.Login@6d8a00e3]" name="breakdown" is-config="true" duration-ms="22" started-at="2018-09-03T16:09:28Z" finished-at="2018-09-03T16:09:28Z">
          <reporter-output>
          </reporter-output>
        </test-method> <!-- breakdown -->
      </class> <!-- scripts.Login -->
    </test> <!-- Default test -->
  </suite> <!-- Default suite -->
</testng-results>
